<?xml version="1.0" encoding="UTF-8"?>
<testng-results skipped="1" failed="2" total="3" passed="0">
  <reporter-output>
  </reporter-output>
  <suite name="Suite1" duration-ms="70770" started-at="2016-10-20T10:00:35Z" finished-at="2016-10-20T10:01:45Z">
    <groups>
    </groups>
    <test name="xbwqTestReport" duration-ms="70770" started-at="2016-10-20T10:00:35Z" finished-at="2016-10-20T10:01:45Z">
      <class name="com.xbwq.TestCase.PhotoReport">
        <test-method status="PASS" signature="beforeSuite()[pri:0, instance:com.xbwq.TestCase.PhotoReport@3d7b218b]" name="beforeSuite" is-config="true" duration-ms="16035" started-at="2016-10-20T18:00:19Z" finished-at="2016-10-20T18:00:35Z">
          <reporter-output>
          </reporter-output>
        </test-method> <!-- beforeSuite -->
        <test-method status="PASS" signature="beforeClass()[pri:0, instance:com.xbwq.TestCase.PhotoReport@3d7b218b]" name="beforeClass" is-config="true" duration-ms="7701" started-at="2016-10-20T18:00:35Z" finished-at="2016-10-20T18:00:42Z">
          <reporter-output>
          </reporter-output>
        </test-method> <!-- beforeClass -->
        <test-method status="FAIL" signature="photoReportCaoGao()[pri:0, instance:com.xbwq.TestCase.PhotoReport@3d7b218b]" name="photoReportCaoGao" duration-ms="42228" started-at="2016-10-20T18:00:42Z" finished-at="2016-10-20T18:01:25Z">
          <exception class="org.openqa.selenium.NoSuchElementException">
            <message>
              <![CDATA[An element could not be located on the page using the given search parameters. (WARNING: The server did not provide any stacktrace information)
Command duration or timeout: 10.21 seconds
For documentation on this error, please visit: http://seleniumhq.org/exceptions/no_such_element.html
Build info: version: '2.43.1', revision: '5163bce', time: '2014-09-10 16:27:58'
System info: host: 'PC201601111454', ip: '192.168.70.239', os.name: 'Windows 7', os.arch: 'amd64', os.version: '6.1', java.version: '1.7.0_13'
Session ID: 7ec88e2c-2c36-4e61-a9ef-e87fa288a6cb
Driver info: io.appium.java_client.android.AndroidDriver
Capabilities [{platform=LINUX, javascriptEnabled=true, appActivity=com.xbcx.waiqing.activity.StartActivity, browserName=, networkConnectionEnabled=true, desired={platformVersion=4.3, deviceName=android, platformName=Android, appActivity=com.xbcx.waiqing.activity.StartActivity, browserName=, unicodeKeyboard=true, resetKeyboard=true, appPackage=com.xbcx.waiqing}, locationContextEnabled=false, appPackage=com.xbcx.waiqing, platformVersion=5.1.1, databaseEnabled=false, platformName=Android, deviceName=9STWGYKN99999999, webStorageEnabled=false, unicodeKeyboard=true, resetKeyboard=true, warnings={}, takesScreenshot=true}]]]>
            </message>
            <full-stacktrace>
              <![CDATA[org.openqa.selenium.NoSuchElementException: An element could not be located on the page using the given search parameters. (WARNING: The server did not provide any stacktrace information)
Command duration or timeout: 10.21 seconds
For documentation on this error, please visit: http://seleniumhq.org/exceptions/no_such_element.html
Build info: version: '2.43.1', revision: '5163bce', time: '2014-09-10 16:27:58'
System info: host: 'PC201601111454', ip: '192.168.70.239', os.name: 'Windows 7', os.arch: 'amd64', os.version: '6.1', java.version: '1.7.0_13'
Session ID: 7ec88e2c-2c36-4e61-a9ef-e87fa288a6cb
Driver info: io.appium.java_client.android.AndroidDriver
Capabilities [{platform=LINUX, javascriptEnabled=true, appActivity=com.xbcx.waiqing.activity.StartActivity, browserName=, networkConnectionEnabled=true, desired={platformVersion=4.3, deviceName=android, platformName=Android, appActivity=com.xbcx.waiqing.activity.StartActivity, browserName=, unicodeKeyboard=true, resetKeyboard=true, appPackage=com.xbcx.waiqing}, locationContextEnabled=false, appPackage=com.xbcx.waiqing, platformVersion=5.1.1, databaseEnabled=false, platformName=Android, deviceName=9STWGYKN99999999, webStorageEnabled=false, unicodeKeyboard=true, resetKeyboard=true, warnings={}, takesScreenshot=true}]
	at sun.reflect.NativeConstructorAccessorImpl.newInstance0(Native Method)
	at sun.reflect.NativeConstructorAccessorImpl.newInstance(NativeConstructorAccessorImpl.java:57)
	at sun.reflect.DelegatingConstructorAccessorImpl.newInstance(DelegatingConstructorAccessorImpl.java:45)
	at java.lang.reflect.Constructor.newInstance(Constructor.java:525)
	at org.openqa.selenium.remote.ErrorHandler.createThrowable(ErrorHandler.java:204)
	at org.openqa.selenium.remote.ErrorHandler.throwIfResponseFailed(ErrorHandler.java:156)
	at org.openqa.selenium.remote.RemoteWebDriver.execute(RemoteWebDriver.java:599)
	at io.appium.java_client.AppiumDriver.execute(AppiumDriver.java:180)
	at org.openqa.selenium.remote.RemoteWebDriver.findElement(RemoteWebDriver.java:352)
	at org.openqa.selenium.remote.RemoteWebDriver.findElementById(RemoteWebDriver.java:393)
	at com.xbwq.Pages.AddPhotoReportPage.setPhoto(Unknown Source)
	at com.xbwq.TestCase.PhotoReport.photoReportCaoGao(Unknown Source)
	at sun.reflect.NativeMethodAccessorImpl.invoke0(Native Method)
	at sun.reflect.NativeMethodAccessorImpl.invoke(NativeMethodAccessorImpl.java:57)
	at sun.reflect.DelegatingMethodAccessorImpl.invoke(DelegatingMethodAccessorImpl.java:43)
	at java.lang.reflect.Method.invoke(Method.java:601)
	at org.testng.internal.MethodInvocationHelper.invokeMethod(MethodInvocationHelper.java:84)
	at org.testng.internal.Invoker.invokeMethod(Invoker.java:714)
	at org.testng.internal.Invoker.invokeTestMethod(Invoker.java:901)
	at org.testng.internal.Invoker.invokeTestMethods(Invoker.java:1231)
	at org.testng.internal.TestMethodWorker.invokeTestMethods(TestMethodWorker.java:127)
	at org.testng.internal.TestMethodWorker.run(TestMethodWorker.java:111)
	at org.testng.TestRunner.privateRun(TestRunner.java:767)
	at org.testng.TestRunner.run(TestRunner.java:617)
	at org.testng.SuiteRunner.runTest(SuiteRunner.java:334)
	at org.testng.SuiteRunner.runSequentially(SuiteRunner.java:329)
	at org.testng.SuiteRunner.privateRun(SuiteRunner.java:291)
	at org.testng.SuiteRunner.run(SuiteRunner.java:240)
	at org.testng.SuiteRunnerWorker.runSuite(SuiteRunnerWorker.java:52)
	at org.testng.SuiteRunnerWorker.run(SuiteRunnerWorker.java:86)
	at org.testng.TestNG.runSuitesSequentially(TestNG.java:1224)
	at org.testng.TestNG.runSuitesLocally(TestNG.java:1149)
	at org.testng.TestNG.run(TestNG.java:1057)
	at org.testng.TestNG.privateMain(TestNG.java:1364)
	at org.testng.TestNG.main(TestNG.java:1333)
]]>
            </full-stacktrace>
          </exception> <!-- org.openqa.selenium.NoSuchElementException -->
          <reporter-output>
          </reporter-output>
        </test-method> <!-- photoReportCaoGao -->
        <test-method status="FAIL" signature="photoReportCaoGao()[pri:0, instance:com.xbwq.TestCase.PhotoReport@3d7b218b]" name="photoReportCaoGao" duration-ms="13346" started-at="2016-10-20T18:01:28Z" finished-at="2016-10-20T18:01:41Z">
          <exception class="org.openqa.selenium.NoSuchElementException">
            <message>
              <![CDATA[An element could not be located on the page using the given search parameters. (WARNING: The server did not provide any stacktrace information)
Command duration or timeout: 10.56 seconds
For documentation on this error, please visit: http://seleniumhq.org/exceptions/no_such_element.html
Build info: version: '2.43.1', revision: '5163bce', time: '2014-09-10 16:27:58'
System info: host: 'PC201601111454', ip: '192.168.70.239', os.name: 'Windows 7', os.arch: 'amd64', os.version: '6.1', java.version: '1.7.0_13'
Session ID: 7ec88e2c-2c36-4e61-a9ef-e87fa288a6cb
Driver info: io.appium.java_client.android.AndroidDriver
Capabilities [{platform=LINUX, javascriptEnabled=true, appActivity=com.xbcx.waiqing.activity.StartActivity, browserName=, networkConnectionEnabled=true, desired={platformVersion=4.3, deviceName=android, platformName=Android, appActivity=com.xbcx.waiqing.activity.StartActivity, browserName=, unicodeKeyboard=true, resetKeyboard=true, appPackage=com.xbcx.waiqing}, locationContextEnabled=false, appPackage=com.xbcx.waiqing, platformVersion=5.1.1, databaseEnabled=false, platformName=Android, deviceName=9STWGYKN99999999, webStorageEnabled=false, unicodeKeyboard=true, resetKeyboard=true, warnings={}, takesScreenshot=true}]]]>
            </message>
            <full-stacktrace>
              <![CDATA[org.openqa.selenium.NoSuchElementException: An element could not be located on the page using the given search parameters. (WARNING: The server did not provide any stacktrace information)
Command duration or timeout: 10.56 seconds
For documentation on this error, please visit: http://seleniumhq.org/exceptions/no_such_element.html
Build info: version: '2.43.1', revision: '5163bce', time: '2014-09-10 16:27:58'
System info: host: 'PC201601111454', ip: '192.168.70.239', os.name: 'Windows 7', os.arch: 'amd64', os.version: '6.1', java.version: '1.7.0_13'
Session ID: 7ec88e2c-2c36-4e61-a9ef-e87fa288a6cb
Driver info: io.appium.java_client.android.AndroidDriver
Capabilities [{platform=LINUX, javascriptEnabled=true, appActivity=com.xbcx.waiqing.activity.StartActivity, browserName=, networkConnectionEnabled=true, desired={platformVersion=4.3, deviceName=android, platformName=Android, appActivity=com.xbcx.waiqing.activity.StartActivity, browserName=, unicodeKeyboard=true, resetKeyboard=true, appPackage=com.xbcx.waiqing}, locationContextEnabled=false, appPackage=com.xbcx.waiqing, platformVersion=5.1.1, databaseEnabled=false, platformName=Android, deviceName=9STWGYKN99999999, webStorageEnabled=false, unicodeKeyboard=true, resetKeyboard=true, warnings={}, takesScreenshot=true}]
	at sun.reflect.NativeConstructorAccessorImpl.newInstance0(Native Method)
	at sun.reflect.NativeConstructorAccessorImpl.newInstance(NativeConstructorAccessorImpl.java:57)
	at sun.reflect.DelegatingConstructorAccessorImpl.newInstance(DelegatingConstructorAccessorImpl.java:45)
	at java.lang.reflect.Constructor.newInstance(Constructor.java:525)
	at org.openqa.selenium.remote.ErrorHandler.createThrowable(ErrorHandler.java:204)
	at org.openqa.selenium.remote.ErrorHandler.throwIfResponseFailed(ErrorHandler.java:156)
	at org.openqa.selenium.remote.RemoteWebDriver.execute(RemoteWebDriver.java:599)
	at io.appium.java_client.AppiumDriver.execute(AppiumDriver.java:180)
	at org.openqa.selenium.remote.RemoteWebDriver.findElement(RemoteWebDriver.java:352)
	at org.openqa.selenium.remote.RemoteWebDriver.findElementByName(RemoteWebDriver.java:425)
	at com.xbwq.Pages.BasePage.clickModule(Unknown Source)
	at com.xbwq.TestCase.PhotoReport.photoReportCaoGao(Unknown Source)
	at sun.reflect.NativeMethodAccessorImpl.invoke0(Native Method)
	at sun.reflect.NativeMethodAccessorImpl.invoke(NativeMethodAccessorImpl.java:57)
	at sun.reflect.DelegatingMethodAccessorImpl.invoke(DelegatingMethodAccessorImpl.java:43)
	at java.lang.reflect.Method.invoke(Method.java:601)
	at org.testng.internal.MethodInvocationHelper.invokeMethod(MethodInvocationHelper.java:84)
	at org.testng.internal.Invoker.invokeMethod(Invoker.java:714)
	at org.testng.internal.Invoker.retryFailed(Invoker.java:1049)
	at org.testng.internal.Invoker.invokeTestMethods(Invoker.java:1254)
	at org.testng.internal.TestMethodWorker.invokeTestMethods(TestMethodWorker.java:127)
	at org.testng.internal.TestMethodWorker.run(TestMethodWorker.java:111)
	at org.testng.TestRunner.privateRun(TestRunner.java:767)
	at org.testng.TestRunner.run(TestRunner.java:617)
	at org.testng.SuiteRunner.runTest(SuiteRunner.java:334)
	at org.testng.SuiteRunner.runSequentially(SuiteRunner.java:329)
	at org.testng.SuiteRunner.privateRun(SuiteRunner.java:291)
	at org.testng.SuiteRunner.run(SuiteRunner.java:240)
	at org.testng.SuiteRunnerWorker.runSuite(SuiteRunnerWorker.java:52)
	at org.testng.SuiteRunnerWorker.run(SuiteRunnerWorker.java:86)
	at org.testng.TestNG.runSuitesSequentially(TestNG.java:1224)
	at org.testng.TestNG.runSuitesLocally(TestNG.java:1149)
	at org.testng.TestNG.run(TestNG.java:1057)
	at org.testng.TestNG.privateMain(TestNG.java:1364)
	at org.testng.TestNG.main(TestNG.java:1333)
]]>
            </full-stacktrace>
          </exception> <!-- org.openqa.selenium.NoSuchElementException -->
          <reporter-output>
          </reporter-output>
        </test-method> <!-- photoReportCaoGao -->
        <test-method status="SKIP" signature="addPhotoReport()[pri:0, instance:com.xbwq.TestCase.PhotoReport@3d7b218b]" name="addPhotoReport" duration-ms="0" started-at="2016-10-20T18:01:44Z" depends-on-methods="com.xbwq.TestCase.PhotoReport.photoReportCaoGao" finished-at="2016-10-20T18:01:44Z">
          <reporter-output>
          </reporter-output>
        </test-method> <!-- addPhotoReport -->
        <test-method status="PASS" signature="afterClass()[pri:0, instance:com.xbwq.TestCase.PhotoReport@3d7b218b]" name="afterClass" is-config="true" duration-ms="1594" started-at="2016-10-20T18:01:44Z" finished-at="2016-10-20T18:01:45Z">
          <reporter-output>
          </reporter-output>
        </test-method> <!-- afterClass -->
        <test-method status="PASS" signature="afterSuite()[pri:0, instance:com.xbwq.TestCase.PhotoReport@3d7b218b]" name="afterSuite" is-config="true" duration-ms="16" started-at="2016-10-20T18:01:45Z" finished-at="2016-10-20T18:01:45Z">
          <reporter-output>
          </reporter-output>
        </test-method> <!-- afterSuite -->
      </class> <!-- com.xbwq.TestCase.PhotoReport -->
    </test> <!-- xbwqTestReport -->
  </suite> <!-- Suite1 -->
</testng-results>
